<?xml version="1.0" encoding="UTF-8"?>
<!-- Generated by org.testng.reporters.JUnitReportReporter -->
<testsuite hostname="DESKTOP-IGTDVEJ" name="com.selenium.POM.TestCases.CartTest" tests="1" failures="0" timestamp="2 Feb 2018 18:45:25 GMT" time="20.048" errors="0">
  <testcase name="testAddToCardAndCheckOut" time="20.048" classname="com.selenium.POM.TestCases.CartTest"/>
</testsuite> <!-- com.selenium.POM.TestCases.CartTest -->
