<?xml version="1.0" encoding="UTF-8"?>
<!-- Generated by org.testng.reporters.JUnitReportReporter -->
<testsuite hostname="DESKTOP-IGTDVEJ" name="com.selenium.rediff.TestCases.LoginTest" tests="1" failures="0" timestamp="25 Jul 2017 01:26:49 GMT" time="14.712" errors="0">
  <testcase name="doLogin" time="14.712" classname="com.selenium.rediff.TestCases.LoginTest"/>
</testsuite> <!-- com.selenium.rediff.TestCases.LoginTest -->
