<?xml version="1.0" encoding="UTF-8"?>
<!-- Generated by org.testng.reporters.JUnitReportReporter -->
<testsuite hostname="DESKTOP-IGTDVEJ" name="com.selenium.POM.TestCases.LoginTest" tests="1" failures="0" timestamp="29 Jan 2018 05:10:13 GMT" time="6.706" errors="0">
  <testcase name="doLogin" time="6.706" classname="com.selenium.POM.TestCases.LoginTest"/>
</testsuite> <!-- com.selenium.POM.TestCases.LoginTest -->
