<?xml version="1.0" encoding="UTF-8"?>
<!-- Generated by org.testng.reporters.JUnitReportReporter -->
<testsuite hostname="DESKTOP-IGTDVEJ" name="com.selenium.POM.TestCases.HomePageTest" tests="1" failures="0" timestamp="29 Jan 2018 17:11:24 GMT" time="15.314" errors="0">
  <testcase name="testAddToCardAndCheckOut" time="15.314" classname="com.selenium.POM.TestCases.HomePageTest"/>
</testsuite> <!-- com.selenium.POM.TestCases.HomePageTest -->
